Using pre-set license
Built from '2021.1/staging' branch; Version is '2021.1.0b3 (202fb86be42c) revision 2109368'; Using compiler version '192528614'; Build Type 'Release'
OS: 'Windows 10 Pro; OS build 19042.928; Version 2009; 64bit' Language: 'pt' Physical Memory: 8174 MB
BatchMode: 1, IsHumanControllingUs: 0, StartBugReporterOnCrash: 0, Is64bit: 1, IsPro: 0

 COMMAND LINE ARGUMENTS:
C:\Program Files\Unity\Hub\Editor\2021.1.0b3\Editor\Unity.exe
-adb2
-batchMode
-noUpm
-name
AssetImportWorker0
-projectPath
C:/Users/Vinicius/Desktop/RythmGame
-logFile
Logs/AssetImportWorker0.log
-srvPort
49400
Successfully changed project path to: C:/Users/Vinicius/Desktop/RythmGame
C:/Users/Vinicius/Desktop/RythmGame
Using Asset Import Pipeline V2.
Refreshing native plugins compatible for Editor in 69.16 ms, found 1 plugins.
Preloading 0 native plugins for Editor in 0.00 ms.
Initialize engine version: 2021.1.0b3 (202fb86be42c)
[Subsystems] Discovering subsystems at path C:/Program Files/Unity/Hub/Editor/2021.1.0b3/Editor/Data/Resources/UnitySubsystems
[Subsystems] Discovering subsystems at path C:/Users/Vinicius/Desktop/RythmGame/Assets
GfxDevice: creating device client; threaded=0; jobified=0
Direct3D:
    Version:  Direct3D 11.0 [level 11.1]
    Renderer: AMD Radeon R7 200 Series (ID=0x6613)
    Vendor:   ATI
    VRAM:     2028 MB
    Driver:   27.20.21002.112
Initialize mono
Mono path[0] = 'C:/Program Files/Unity/Hub/Editor/2021.1.0b3/Editor/Data/Managed'
Mono path[1] = 'C:/Program Files/Unity/Hub/Editor/2021.1.0b3/Editor/Data/MonoBleedingEdge/lib/mono/unityjit'
Mono config path = 'C:/Program Files/Unity/Hub/Editor/2021.1.0b3/Editor/Data/MonoBleedingEdge/etc'
Using monoOptions --debugger-agent=transport=dt_socket,embedding=1,server=y,suspend=n,address=127.0.0.1:56964
Begin MonoManager ReloadAssembly
Registering precompiled unity dll's ...
Register platform support module: C:/Program Files/Unity/Hub/Editor/2021.1.0b3/Editor/Data/PlaybackEngines/WindowsStandaloneSupport/UnityEditor.WindowsStandalone.Extensions.dll
Registered in 0.003823 seconds.
Native extension for WindowsStandalone target not found
Refreshing native plugins compatible for Editor in 75.70 ms, found 1 plugins.
Preloading 0 native plugins for Editor in 0.00 ms.
Mono: successfully reloaded assembly
- Completed reload, in  3.701 seconds
Platform modules already initialized, skipping
Registering precompiled user dll's ...
Registered in 0.001720 seconds.
Begin MonoManager ReloadAssembly
Native extension for WindowsStandalone target not found
Refreshing native plugins compatible for Editor in 67.26 ms, found 1 plugins.
Preloading 0 native plugins for Editor in 0.00 ms.
Mono: successfully reloaded assembly
- Completed reload, in  1.804 seconds
Platform modules already initialized, skipping
========================================================================
Worker process is ready to serve import requests
Launched and connected shader compiler UnityShaderCompiler.exe after 0.07 seconds
Refreshing native plugins compatible for Editor in 0.61 ms, found 1 plugins.
Preloading 0 native plugins for Editor in 0.00 ms.
Unloading 1840 Unused Serialized files (Serialized files now loaded: 0)
System memory in use before: 233.1 MB.
System memory in use after: 233.2 MB.

Unloading 19 unused Assets to reduce memory usage. Loaded Objects now: 2318.
Total: 3.652800 ms (FindLiveObjects: 0.334300 ms CreateObjectMapping: 0.103000 ms MarkObjects: 3.117300 ms  DeleteObjects: 0.096700 ms)

========================================================================
Received Import Request.
  path: Assets/Prefabs/Boss/ProjectilePool.prefab
  artifactKey: Guid(74ca5c1052d4d4c4ba6bc8cd1972f6d4) Importer(815301076,1909f56bfc062723c751e8b465ee728b)
Start importing Assets/Prefabs/Boss/ProjectilePool.prefab using Guid(74ca5c1052d4d4c4ba6bc8cd1972f6d4) Importer(815301076,1909f56bfc062723c751e8b465ee728b)  -> (artifact id: 'ae9ee14a6ae7f1a82b98ba5b11a219d2') in 0.110510 seconds 
========================================================================
Received Prepare
Registering precompiled user dll's ...
Registered in 0.002138 seconds.
Begin MonoManager ReloadAssembly
Native extension for WindowsStandalone target not found
Refreshing native plugins compatible for Editor in 0.60 ms, found 1 plugins.
Preloading 0 native plugins for Editor in 0.00 ms.
Mono: successfully reloaded assembly
- Completed reload, in  1.687 seconds
Platform modules already initialized, skipping
Refreshing native plugins compatible for Editor in 0.61 ms, found 1 plugins.
Preloading 0 native plugins for Editor in 0.00 ms.
Unloading 1818 Unused Serialized files (Serialized files now loaded: 0)
System memory in use before: 231.8 MB.
System memory in use after: 231.9 MB.

Unloading 8 unused Assets to reduce memory usage. Loaded Objects now: 2320.
Total: 3.693300 ms (FindLiveObjects: 0.300700 ms CreateObjectMapping: 0.097200 ms MarkObjects: 3.243300 ms  DeleteObjects: 0.030700 ms)

========================================================================
Received Prepare
Registering precompiled user dll's ...
Registered in 0.002061 seconds.
Begin MonoManager ReloadAssembly
Native extension for WindowsStandalone target not found
Refreshing native plugins compatible for Editor in 0.62 ms, found 1 plugins.
Preloading 0 native plugins for Editor in 0.00 ms.
Mono: successfully reloaded assembly
- Completed reload, in  1.971 seconds
Platform modules already initialized, skipping
Refreshing native plugins compatible for Editor in 0.58 ms, found 1 plugins.
Preloading 0 native plugins for Editor in 0.00 ms.
Unloading 1818 Unused Serialized files (Serialized files now loaded: 0)
System memory in use before: 231.8 MB.
System memory in use after: 231.9 MB.

Unloading 8 unused Assets to reduce memory usage. Loaded Objects now: 2322.
Total: 6.088000 ms (FindLiveObjects: 3.008300 ms CreateObjectMapping: 0.166900 ms MarkObjects: 2.885600 ms  DeleteObjects: 0.025600 ms)

========================================================================
Received Prepare
Registering precompiled user dll's ...
Registered in 0.002372 seconds.
Begin MonoManager ReloadAssembly
Native extension for WindowsStandalone target not found
Refreshing native plugins compatible for Editor in 0.88 ms, found 1 plugins.
Preloading 0 native plugins for Editor in 0.00 ms.
Mono: successfully reloaded assembly
- Completed reload, in  1.607 seconds
Platform modules already initialized, skipping
Refreshing native plugins compatible for Editor in 0.63 ms, found 1 plugins.
Preloading 0 native plugins for Editor in 0.00 ms.
Unloading 1818 Unused Serialized files (Serialized files now loaded: 0)
System memory in use before: 231.8 MB.
System memory in use after: 232.0 MB.

Unloading 8 unused Assets to reduce memory usage. Loaded Objects now: 2324.
Total: 3.403300 ms (FindLiveObjects: 0.323200 ms CreateObjectMapping: 0.097000 ms MarkObjects: 2.950700 ms  DeleteObjects: 0.031000 ms)

========================================================================
Received Import Request.
  Time since last request: 215.307050 seconds.
  path: Assets/Prefabs/Boss/Bullet.prefab
  artifactKey: Guid(688a94460a274554a8b6748d867d96cb) Importer(815301076,1909f56bfc062723c751e8b465ee728b)
Start importing Assets/Prefabs/Boss/Bullet.prefab using Guid(688a94460a274554a8b6748d867d96cb) Importer(815301076,1909f56bfc062723c751e8b465ee728b)  -> (artifact id: 'b49b7c92c01f4cde6f2e0f0cfbee506d') in 0.194614 seconds 
========================================================================
Received Import Request.
  Time since last request: 0.026546 seconds.
  path: Assets/Prefabs/Boss/RockBullet.prefab
  artifactKey: Guid(9b6d13876c5c1bf45a8ff206e774db4f) Importer(815301076,1909f56bfc062723c751e8b465ee728b)
Start importing Assets/Prefabs/Boss/RockBullet.prefab using Guid(9b6d13876c5c1bf45a8ff206e774db4f) Importer(815301076,1909f56bfc062723c751e8b465ee728b)  -> (artifact id: '649f62680d1fdb6c52bb4d151e90bf29') in 0.058337 seconds 
========================================================================
Received Prepare
Registering precompiled user dll's ...
Registered in 0.002151 seconds.
Begin MonoManager ReloadAssembly
Native extension for WindowsStandalone target not found
Refreshing native plugins compatible for Editor in 0.60 ms, found 1 plugins.
Preloading 0 native plugins for Editor in 0.00 ms.
Mono: successfully reloaded assembly
- Completed reload, in  1.820 seconds
Platform modules already initialized, skipping
Refreshing native plugins compatible for Editor in 0.68 ms, found 1 plugins.
Preloading 0 native plugins for Editor in 0.00 ms.
Unloading 1818 Unused Serialized files (Serialized files now loaded: 0)
System memory in use before: 235.6 MB.
System memory in use after: 235.7 MB.

Unloading 8 unused Assets to reduce memory usage. Loaded Objects now: 2333.
Total: 3.704100 ms (FindLiveObjects: 0.307200 ms CreateObjectMapping: 0.101900 ms MarkObjects: 3.268400 ms  DeleteObjects: 0.024900 ms)

AssetImportWorkerClient::OnTransportError - code=2 error=End of file
